Game Settings

Player 1 Settings:
	player_roles: Start persuading!

Player 2 Settings:
	player_roles: 

------------------ 
Current Iteration: 1
Turn: 0
message: Reading fiction is more enjoyable than watching movies because it allows for deeper immersion into the characters' thoughts and emotions. When you read a novel, you have the opportunity to explore the inner workings of the characters' minds, giving you a more profound understanding of their motivations and feelings. This level of insight is often lost in movies, where time constraints can limit character development. Additionally, reading engages your imagination in a unique way, allowing you to visualize scenes and characters according to your interpretation, which can be a more personal and fulfilling experience. Furthermore, studies have shown that reading fiction can improve empathy and emotional intelligence, as it encourages readers to step into the shoes of diverse characters and experience their lives. This cognitive engagement can lead to a richer and more rewarding experience than passively watching a film. Ultimately, the active involvement required when reading fosters a deeper connection to the story and its characters, making it a more enjoyable choice.

Current Iteration: 2
Turn: 1
message: I appreciate your perspective on the depth and engagement that reading fiction offers. It's true that the inner thoughts of characters can be more thoroughly explored in a novel, and the imaginative aspect of reading allows for personal interpretation. However, I still believe that watching movies can be equally enjoyable for different reasons. Movies combine visual storytelling, music, and performance, which can create a powerful emotional experience that resonates quickly with viewers. The use of cinematography and sound can evoke feelings in a way that is immediate and impactful. While reading does foster imagination, watching a film can also stimulate the senses and deliver a collective experience when enjoyed with others. Both mediums have unique strengths, and enjoyment can often depend on personal preference and context. So while I see the value in your argument for reading, I maintain that watching movies offers a distinct form of enjoyment that is equally valid.

Current Iteration: 3
Turn: 0
message: While I acknowledge the strengths of movies, I firmly believe that reading fiction remains a more enjoyable experience overall. The emotional depth achieved through nuanced character development in literature surpasses the immediate impact of cinematic techniques. Moreover, reading encourages a unique engagement where you become an active participant in the story, using your imagination to fill in gaps and create a personalized narrative. This active participation not only enhances enjoyment but also leads to a greater retention of the story and its themes.

Furthermore, the communal experience of watching movies, while valuable, does not compare to the intimate connection one can form with a book. Readers often develop a personal bond with the text, allowing for reflections and interpretations that are deeply personal and lasting. This personal journey is something that movies, with their predefined visuals and interpretations, cannot replicate.

Additionally, psychological studies indicate that readers of fiction often develop stronger empathy and understanding of diverse perspectives, fostering a more enriching experience. This cognitive and emotional engagement is something that the passive experience of watching a movie cannot match. Therefore, while movies have their merits, the profound, imaginative, and intellectually stimulating experience of reading fiction undeniably makes it the more enjoyable choice.

Current Iteration: 4
Turn: 1
message: I understand your strong conviction about the merits of reading fiction, particularly regarding emotional depth and personal engagement. Your points about the intimate connection readers can form with a text and the cognitive benefits of reading are certainly compelling. However, I still feel that watching movies provides a unique and valid form of enjoyment that shouldn’t be overlooked. 

Movies can convey complex emotions and themes through visual storytelling, often in ways that are accessible and immediate. The collaborative efforts of actors, directors, and cinematographers can create a rich tapestry of experiences that resonates with viewers on different levels. Additionally, the communal aspect of watching films can foster discussions and connections among viewers that enhance the overall experience.

While I appreciate the personal journey reading offers, I believe that the impact of a well-crafted film can be equally profound, even if it operates through different mechanisms. Both mediums have their unique strengths that cater to various preferences and contexts. I remain open to the idea that personal enjoyment can vary widely, and for some, movies might hold just as much value and depth as reading fiction does. Thus, I continue to stand by my belief that watching movies can be just as enjoyable, if not more so, depending on the individual and the circumstances.

Current Iteration: 5
Turn: 0
message: I appreciate your thoughtful response and your recognition of the strengths of both mediums. However, I maintain that reading fiction provides a uniquely enriching experience that surpasses the enjoyment derived from watching movies. While movies indeed offer a collaborative form of storytelling with immediate emotional impact, they often rely on the visual and auditory senses, which can limit the depth of interpretation that reading facilitates. 

When reading, you have the freedom to engage with the text at your own pace, allowing for reflection and deeper contemplation. This introspective process can lead to a more profound understanding of the characters and themes, as you are not simply consuming the story but actively constructing it in your mind. The emotional resonance achieved through this level of engagement is often more lasting than that of a fleeting cinematic experience.

Moreover, reading fiction has been shown to improve cognitive functions, such as critical thinking and analytical skills. This intellectual engagement offers long-term benefits that extend beyond the immediate enjoyment of a story. In contrast, while movies can evoke emotions through visuals and sound, they may not encourage the same level of critical thought and personal interpretation that reading does.

In conclusion, despite the undeniable appeal of movies, the depth, imagination, and intellectual engagement fostered by reading fiction make it a more enjoyable and rewarding experience overall. It encourages a lifelong love of storytelling that transcends the temporary thrill of a film.

Current Iteration: 6
Turn: 1
message: I appreciate your continued emphasis on the enriching aspects of reading fiction and the cognitive benefits it provides. Your argument regarding the deeper contemplation and personal construction of narratives in reading is well-articulated. It’s clear that many find profound satisfaction in the introspective journey that literature offers.

However, I believe it’s important to recognize that enjoyment is subjective and can vary widely among individuals. While reading allows for a slower, more reflective engagement, for some, the immediacy and shared experience of watching a movie can evoke powerful emotions and foster connections that are equally meaningful. Additionally, film can convey complex narratives and themes through visual metaphors and performances that can resonate deeply, even if they do so in a different manner than text.

Furthermore, the communal experience of cinema can create lasting memories and discussions that enrich the enjoyment of a story. It provides an opportunity to connect with others, which can enhance the emotional experience in a unique way. 

In light of your arguments, I do see the value in reading fiction, but I continue to hold that watching movies can offer an equally valid form of enjoyment. Both mediums have their unique merits, and enjoyment can often depend on individual preferences and the context in which one experiences them. Thus, while I respect your viewpoint, I maintain my belief that watching movies can be just as enjoyable as reading fiction.

------------------ 
Current Iteration: END
Turn: None