Game Settings

Player 1 Settings:
	player_roles: Start persuading!

Player 2 Settings:
	player_roles: 

------------------ 
Current Iteration: 1
Turn: 0
message: GE_TAG} > Reading fiction is more enjoyable than watching movies for several compelling reasons. Firstly, reading allows for deeper immersion into characters' thoughts and emotions. When you read a novel, you have the opportunity to delve into the inner workings of characters' minds, which can create a more personal connection and a richer experience compared to the visual representation in films. 

Secondly, reading fiction stimulates the imagination in a unique way. As a reader, you have the power to create the world and characters in your mind, which can lead to a more engaging and creative experience. This imaginative engagement often leads to a greater emotional investment in the story.

Additionally, reading fiction has cognitive benefits that watching movies does not provide. It enhances vocabulary, improves empathy, and develops critical thinking skills. Studies have shown that readers of fiction are better at understanding others' emotions and perspectives, which is an invaluable skill in everyday life.

Finally, the experience of reading is often more personal and flexible. You can read at your own pace, revisit favorite passages, and reflect on themes without the constraints of a film's runtime. This allows for a more tailored experience that can be savored over time.

In conclusion, the depth of engagement, imaginative stimulation, cognitive benefits, and personal experience make reading fiction far more enjoyable than watching movies. < \{MESSAGE_TAG}

Current Iteration: 2
Turn: 1
message: T_MESSAGE_TAG> I appreciate your points about the benefits of reading fiction, particularly the depth of immersion and cognitive advantages. However, I still maintain that watching movies can be more enjoyable for several reasons. 

Movies offer a visual and auditory experience that can evoke emotions immediately and powerfully. The combination of music, cinematography, and performances can create a compelling atmosphere that draws viewers in quickly. Additionally, films can convey complex narratives through visual storytelling techniques that might take longer to achieve in written form.

Moreover, movies provide a social experience that reading often lacks. Watching a film with friends or family can enhance enjoyment through shared reactions and discussions. The communal aspect of cinema can create memorable moments that are different from the solitary experience of reading.

While I acknowledge the imaginative engagement that comes with reading, I believe that films can spark imagination too, as they often invite viewers to interpret visuals and narratives in their own way. 

In essence, while I see the value in reading fiction, I still find that watching movies offers a more immediate and shared enjoyment that can be equally fulfilling. <\MY_AGENT_MESSAGE_TAG

Current Iteration: 3
Turn: 0
message: GE_TAG} > While I appreciate your perspective on the enjoyment of movies, I firmly believe that reading fiction still holds the upper hand in terms of enjoyment. 

Firstly, while movies do offer a visual and auditory experience, this can also lead to a surface-level engagement with the story. In contrast, reading fiction allows for a much deeper exploration of themes and character development, which can lead to more meaningful connections. The subtle nuances of a character's journey are often lost in translation when condensed into a two-hour film. 

Secondly, the emotional depth experienced through reading is unparalleled. Readers have the chance to reflect on the text, allowing emotions to build gradually, which can lead to a more profound emotional response. Movies, with their fast pacing and immediate emotional cues, can sometimes overshadow the subtleties that enrich a narrative.

Regarding the social aspect of movies, reading can also be a communal experience. Book clubs, reading groups, and shared discussions about novels can create just as memorable moments. Furthermore, the act of reading itself can be incredibly engaging when shared with others who also appreciate the same themes and characters.

Lastly, while films can spark imagination, they provide a visual interpretation that can limit individual creativity. Reading fiction allows each reader to visualize the story in their own unique way, fostering personal interpretation and creativity that films cannot replicate.

In summary, the depth of exploration, emotional engagement, community through reading, and the freedom of imagination make reading fiction a more enjoyable experience than watching movies. < \{MESSAGE_TAG}

Current Iteration: 4
Turn: 1
message: T_MESSAGE_TAG> Thank you for your thoughtful response. I can see where you are coming from regarding the depth and emotional engagement that reading fiction provides. Your points about the nuances of character development and the potential for profound emotional responses are certainly valid.

However, I still believe that the enjoyment of movies comes from their unique ability to deliver a complete sensory experience that can resonate with audiences in different ways. While it is true that films may condense narratives, they also have the advantage of visual storytelling techniques that can convey complex themes and emotions through imagery, music, and performance, often leaving a lasting impression.

Regarding the communal aspect, while I agree that book clubs and discussions can create shared experiences around reading, the immediacy of a movie night, with its collective laughter or tears, can foster a different kind of connection. Movies often serve as a cultural reference point, creating a shared experience that can lead to discussions beyond the film itself.

Additionally, while reading allows for individual imagination, films can inspire creativity in a different manner. They can introduce viewers to new ideas and perspectives that may ignite further exploration through reading, art, or other forms of expression.

In conclusion, while I respect your appreciation for the depth of reading fiction, I still find that the multi-sensory experience and the immediate emotional impact of movies offer a unique enjoyment that is hard to replicate. <\MY_AGENT_MESSAGE_TAG

------------------ 
Current Iteration: END
Turn: None