Game Settings

Player 1 Settings:
	player_roles: Start persuading!

Player 2 Settings:
	player_roles: 

------------------ 
Current Iteration: 1
Turn: 0
message: Reading fiction is more enjoyable than watching movies because it allows for a deeper engagement with the story and characters. When you read, you create your own mental images and interpretations, which can lead to a more personal and immersive experience. Studies show that reading fiction can enhance empathy and understanding of different perspectives, as you get to delve into the thoughts and emotions of characters in a way that movies often cannot replicate. Additionally, reading stimulates the imagination and encourages critical thinking, making it a more mentally enriching activity. Overall, the unique benefits of reading fiction provide a level of enjoyment that watching movies simply cannot match. <\message

Current Iteration: 2
Turn: 1
message: I appreciate your perspective on the joys of reading fiction and the deeper engagement it can offer. It's true that reading allows for personal interpretations and can foster empathy by immersing readers in characters' thoughts and emotions. However, I still believe that watching movies can also provide a rich and enjoyable experience. Movies combine visual storytelling, music, and performances that can evoke strong emotions in a relatively short amount of time. They can also create a communal experience when shared with others, enhancing the enjoyment. While reading has its merits, I find that the immediate impact and sensory engagement of films can be equally fulfilling, making it hard for me to fully accept that reading is always more enjoyable. <\message

Current Iteration: 3
Turn: 0
message: While I understand your appreciation for movies and the immediate impact they can have, it's important to consider the lasting effects of reading fiction that often surpass those of visual storytelling. Reading not only enhances imagination but also improves vocabulary and language skills, which are invaluable in communication. Furthermore, the act of reading requires active participation, as it engages the mind in ways that passive viewing does not. This engagement can lead to a more profound connection with the material and a longer-lasting impact on the reader. Additionally, reading allows for exploration of complex themes and narratives at one's own pace, which can lead to reflection and deeper understanding over time. The unique cognitive benefits and the personal journey that comes with reading fiction contribute to a more enjoyable and enriching experience compared to the more transient nature of watching movies. <\message

Current Iteration: 4
Turn: 1
message: You make some compelling points about the lasting cognitive benefits of reading and how it encourages active participation. I can see how reading fiction can lead to a deeper understanding of complex themes and narratives, and it certainly fosters skills that are beneficial in communication and critical thinking. However, I still feel that the enjoyment of movies lies in their ability to provide a multi-sensory experience that can be instantly captivating. Movies can also convey themes and emotions through visuals and sound in a way that can resonate powerfully with viewers. While I acknowledge the enriching aspects of reading, I still believe that the enjoyment derived from watching movies, particularly in the context of storytelling and emotional engagement, holds its own unique value. Therefore, I maintain my belief that watching movies is more enjoyable, even in light of your arguments. <\message

------------------ 
Current Iteration: END
Turn: None